<?xml version="1.0" encoding="UTF-8"?>
<testng-results ignored="0" total="1" passed="1" failed="0" skipped="0">
  <reporter-output>
  </reporter-output>
  <suite started-at="2023-09-18T17:07:08 IST" name="Surefire suite" finished-at="2023-09-18T17:07:22 IST" duration-ms="13728">
    <groups>
    </groups>
    <test started-at="2023-09-18T17:07:08 IST" name="Surefire test" finished-at="2023-09-18T17:07:22 IST" duration-ms="13728">
      <class name="appweb.WebappTest">
        <test-method signature="loginTest()[pri:0, instance:appweb.WebappTest@2a32de6c]" started-at="2023-09-18T17:07:08 IST" name="loginTest" finished-at="2023-09-18T17:07:22 IST" duration-ms="13679" status="PASS">
          <reporter-output>
          </reporter-output>
        </test-method> <!-- loginTest -->
      </class> <!-- appweb.WebappTest -->
    </test> <!-- Surefire test -->
  </suite> <!-- Surefire suite -->
</testng-results>
